* using log directory ‘/Users/kajalchokshi/GetALet/GetALet.Rcheck’
* using R version 3.5.1 (2018-07-02)
* using platform: x86_64-apple-darwin15.6.0 (64-bit)
* using session charset: UTF-8
* using options ‘--no-manual --as-cran’
* checking for file ‘GetALet/DESCRIPTION’ ... OK
* checking extension type ... Package
* this is package ‘GetALet’ version ‘1.0’
* checking package namespace information ... OK
* checking package dependencies ... OK
* checking if this is a source package ... OK
* checking if there is a namespace ... OK
* checking for executable files ... OK
* checking for hidden files and directories ... OK
* checking for portable file names ... OK
* checking for sufficient/correct file permissions ... OK
* checking serialization versions ... OK
* checking whether package ‘GetALet’ can be installed ... WARNING
Found the following significant warnings:
  Warning: /private/var/folders/zf/y003pfsn7zg860_fqtz_n1fh0000gn/T/RtmpHbYMrT/Rbuild91970fe570f/GetALet/man/GetALet-package.Rd:26: All text must be in a section
  Warning: /private/var/folders/zf/y003pfsn7zg860_fqtz_n1fh0000gn/T/RtmpHbYMrT/Rbuild91970fe570f/GetALet/man/GetALet-package.Rd:27: All text must be in a section
See ‘/Users/kajalchokshi/GetALet/GetALet.Rcheck/00install.out’ for details.
* checking installed package size ... OK
* checking package directory ... OK
* checking DESCRIPTION meta-information ... NOTE
Malformed Description field: should contain one or more complete sentences.
Non-standard license specification:
  I don't know
Standardizable: FALSE
* checking top-level files ... OK
* checking for left-over files ... OK
* checking index information ... OK
* checking package subdirectories ... OK
* checking R files for non-ASCII characters ... OK
* checking R files for syntax errors ... OK
* checking whether the package can be loaded ... OK
* checking whether the package can be loaded with stated dependencies ... OK
* checking whether the package can be unloaded cleanly ... OK
* checking whether the namespace can be loaded with stated dependencies ... OK
* checking whether the namespace can be unloaded cleanly ... OK
* checking dependencies in R code ... OK
* checking S3 generic/method consistency ... OK
* checking replacement functions ... OK
* checking foreign function calls ... OK
* checking R code for possible problems ... OK
* checking Rd files ... WARNING
prepare_Rd: GetALet-package.Rd:26: All text must be in a section
prepare_Rd: GetALet-package.Rd:27: All text must be in a section
prepare_Rd: alphabet.Rd:19-21: Dropping empty section \details
prepare_Rd: alphabet.Rd:22-28: Dropping empty section \value
prepare_Rd: alphabet.Rd:35-37: Dropping empty section \note
prepare_Rd: alphabet.Rd:32-34: Dropping empty section \author
prepare_Rd: alphabet.Rd:29-31: Dropping empty section \references
prepare_Rd: alphabet.Rd:41-43: Dropping empty section \seealso
* checking Rd metadata ... OK
* checking Rd line widths ... OK
* checking Rd cross-references ... WARNING
Unknown package ‘<pkg>’ in Rd xrefs
* checking for missing documentation entries ... OK
* checking for code/documentation mismatches ... OK
* checking Rd \usage sections ... OK
* checking Rd contents ... OK
* checking for unstated dependencies in examples ... WARNING
Warning: parse error in file 'GetALet-Ex.R':
21:11: unexpected symbol
20: 
21: ~~ simple examples
              ^
* checking examples ... ERROR
Running examples in ‘GetALet-Ex.R’ failed
The error most likely occurred in:

> base::assign(".ptime", proc.time(), pos = "CheckExEnv")
> ### Name: GetALet-package
> ### Title: Return a random letter
> ### Aliases: GetALet-package GetALet
> ### Keywords: package
> 
> ### ** Examples
> 
> ~~ simple examples of the most important functions ~~
Error: unexpected symbol in "~~ simple examples"
Execution halted
* DONE
Status: 1 ERROR, 4 WARNINGs, 1 NOTE
